TN:
SF:src\config\database.ts
FNF:0
FNH:0
DA:1,4
DA:3,4
DA:4,4
DA:6,4
DA:8,4
LF:5
LH:5
BRF:0
BRH:0
end_of_record
TN:
SF:src\docs\swagger.ts
FNF:0
FNH:0
DA:1,1
LF:1
LH:1
BRF:0
BRH:0
end_of_record
TN:
SF:src\middlewares\auth.middleware.ts
FN:18,(anonymous_1)
FNF:1
FNH:1
FNDA:1,(anonymous_1)
DA:2,1
DA:18,1
DA:23,1
DA:24,1
DA:26,1
DA:27,1
DA:31,1
DA:34,0
DA:36,0
DA:38,0
DA:39,0
DA:43,0
DA:46,0
DA:52,0
DA:54,0
LF:15
LH:7
BRDA:26,0,0,1
BRDA:26,0,1,0
BRDA:26,1,0,1
BRDA:26,1,1,0
BRDA:38,2,0,0
BRDA:38,2,1,0
BRDA:38,3,0,0
BRDA:38,3,1,0
BRDA:48,4,0,0
BRDA:48,4,1,0
BRF:10
BRH:2
end_of_record
TN:
SF:src\modules\geolocalizacion\geolocalizacion.controller.ts
FN:8,(anonymous_9)
FN:14,(anonymous_10)
FN:24,(anonymous_11)
FN:64,(anonymous_12)
FNF:4
FNH:0
FNDA:0,(anonymous_9)
FNDA:0,(anonymous_10)
FNDA:0,(anonymous_11)
FNDA:0,(anonymous_12)
DA:2,1
DA:8,1
DA:9,0
DA:10,0
DA:11,0
DA:14,1
DA:15,0
DA:16,0
DA:24,1
DA:25,0
DA:26,0
DA:27,0
DA:29,0
DA:30,0
DA:34,0
DA:37,0
DA:46,0
DA:52,0
DA:53,0
DA:64,1
DA:65,0
DA:66,0
DA:67,0
DA:73,0
DA:74,0
LF:25
LH:5
BRDA:9,0,0,0
BRDA:9,0,1,0
BRDA:9,1,0,0
BRDA:9,1,1,0
BRDA:9,1,2,0
BRDA:10,2,0,0
BRDA:10,2,1,0
BRDA:15,3,0,0
BRDA:15,3,1,0
BRDA:15,4,0,0
BRDA:15,4,1,0
BRDA:15,4,2,0
BRDA:16,5,0,0
BRDA:16,5,1,0
BRDA:26,6,0,0
BRDA:26,6,1,0
BRDA:27,7,0,0
BRDA:27,7,1,0
BRDA:29,8,0,0
BRDA:29,8,1,0
BRDA:29,9,0,0
BRDA:29,9,1,0
BRDA:40,10,0,0
BRDA:40,10,1,0
BRDA:43,11,0,0
BRDA:43,11,1,0
BRDA:52,12,0,0
BRDA:52,12,1,0
BRDA:73,13,0,0
BRDA:73,13,1,0
BRF:30
BRH:0
end_of_record
TN:
SF:src\modules\geolocalizacion\geolocalizacion.model.ts
FN:31,(anonymous_1)
FN:60,(anonymous_2)
FN:71,(anonymous_3)
FN:72,(anonymous_4)
FNF:4
FNH:0
FNDA:0,(anonymous_1)
FNDA:0,(anonymous_2)
FNDA:0,(anonymous_3)
FNDA:0,(anonymous_4)
DA:1,2
DA:31,2
DA:34,0
DA:43,0
DA:44,0
DA:47,0
DA:48,0
DA:51,0
DA:52,0
DA:53,0
DA:60,2
DA:61,0
DA:68,0
DA:70,0
DA:71,0
DA:72,0
DA:74,0
LF:17
LH:3
BRDA:32,0,0,0
BRDA:43,1,0,0
BRDA:43,1,1,0
BRDA:47,2,0,0
BRDA:47,2,1,0
BRDA:52,3,0,0
BRDA:52,3,1,0
BRDA:53,4,0,0
BRDA:53,4,1,0
BRDA:68,5,0,0
BRDA:68,5,1,0
BRDA:70,6,0,0
BRDA:70,6,1,0
BRF:13
BRH:0
end_of_record
TN:
SF:src\modules\geolocalizacion\geolocalizacion.routes.ts
FNF:0
FNH:0
DA:1,1
DA:2,1
DA:4,1
DA:8,1
DA:9,1
DA:11,1
LF:6
LH:6
BRF:0
BRH:0
end_of_record
TN:
SF:src\modules\geolocalizacion\geolocalizacion.service.ts
FN:28,(anonymous_9)
FN:34,(anonymous_10)
FN:54,(anonymous_11)
FN:61,(anonymous_12)
FN:92,(anonymous_13)
FN:93,(anonymous_14)
FN:100,(anonymous_15)
FN:101,(anonymous_16)
FN:102,(anonymous_17)
FN:110,(anonymous_18)
FNF:10
FNH:10
FNDA:36,(anonymous_9)
FNDA:9,(anonymous_10)
FNDA:33,(anonymous_11)
FNDA:10,(anonymous_12)
FNDA:7,(anonymous_13)
FNDA:7,(anonymous_14)
FNDA:7,(anonymous_15)
FNDA:6,(anonymous_16)
FNDA:1,(anonymous_17)
FNDA:1,(anonymous_18)
DA:1,2
DA:24,2
DA:25,2
DA:26,2
DA:28,36
DA:34,2
DA:40,9
DA:41,9
DA:44,9
DA:50,9
DA:51,9
DA:54,2
DA:55,33
DA:61,2
DA:64,10
DA:66,10
DA:67,1
DA:69,9
DA:70,1
DA:72,8
DA:73,1
DA:76,7
DA:77,7
DA:78,1
DA:80,6
DA:81,1
DA:84,6
DA:85,6
DA:86,1
DA:89,5
DA:91,5
DA:92,7
DA:93,7
DA:100,7
DA:101,6
DA:102,1
DA:104,5
DA:110,2
DA:111,1
LF:39
LH:39
BRDA:55,0,0,33
BRDA:55,0,1,33
BRDA:66,1,0,1
BRDA:66,1,1,9
BRDA:66,2,0,10
BRDA:66,2,1,9
BRDA:69,3,0,1
BRDA:69,3,1,8
BRDA:69,4,0,9
BRDA:69,4,1,9
BRDA:72,5,0,1
BRDA:72,5,1,7
BRDA:72,6,0,8
BRDA:72,6,1,8
BRDA:76,7,0,7
BRDA:76,7,1,2
BRDA:77,8,0,1
BRDA:77,8,1,6
BRDA:77,9,0,7
BRDA:77,9,1,7
BRDA:80,10,0,1
BRDA:80,10,1,5
BRDA:84,11,0,6
BRDA:84,11,1,4
BRDA:85,12,0,1
BRDA:85,12,1,5
BRDA:85,13,0,6
BRDA:85,13,1,6
BRDA:85,13,2,6
BRDA:92,14,0,7
BRDA:92,14,1,7
BRF:31
BRH:31
end_of_record
TN:
SF:src\modules\negocios\negocio.controller.ts
FN:4,(anonymous_9)
FN:30,(anonymous_10)
FN:51,(anonymous_11)
FN:77,(anonymous_12)
FN:97,(anonymous_13)
FN:128,(anonymous_14)
FNF:6
FNH:1
FNDA:0,(anonymous_9)
FNDA:1,(anonymous_10)
FNDA:0,(anonymous_11)
FNDA:0,(anonymous_12)
FNDA:0,(anonymous_13)
FNDA:0,(anonymous_14)
DA:2,1
DA:4,1
DA:5,0
DA:6,0
DA:7,0
DA:8,0
DA:12,0
DA:15,0
DA:16,0
DA:22,0
DA:23,0
DA:30,1
DA:31,1
DA:32,1
DA:36,1
DA:37,1
DA:43,0
DA:44,0
DA:51,1
DA:52,0
DA:53,0
DA:54,0
DA:55,0
DA:59,0
DA:62,0
DA:63,0
DA:69,0
DA:70,0
DA:77,1
DA:78,0
DA:79,0
DA:80,0
DA:81,0
DA:82,0
DA:87,0
DA:88,0
DA:89,0
DA:97,1
DA:98,0
DA:99,0
DA:100,0
DA:101,0
DA:105,0
DA:108,0
DA:109,0
DA:114,0
DA:120,0
DA:121,0
DA:128,1
DA:129,0
DA:130,0
DA:131,0
DA:132,0
DA:136,0
DA:139,0
DA:140,0
DA:141,0
DA:146,0
DA:147,0
LF:59
LH:11
BRDA:7,0,0,0
BRDA:7,0,1,0
BRDA:22,1,0,0
BRDA:22,1,1,0
BRDA:43,2,0,0
BRDA:43,2,1,0
BRDA:54,3,0,0
BRDA:54,3,1,0
BRDA:69,4,0,0
BRDA:69,4,1,0
BRDA:79,5,0,0
BRDA:79,5,1,0
BRDA:88,6,0,0
BRDA:88,6,1,0
BRDA:100,7,0,0
BRDA:100,7,1,0
BRDA:108,8,0,0
BRDA:108,8,1,0
BRDA:120,9,0,0
BRDA:120,9,1,0
BRDA:131,10,0,0
BRDA:131,10,1,0
BRDA:139,11,0,0
BRDA:139,11,1,0
BRDA:146,12,0,0
BRDA:146,12,1,0
BRF:26
BRH:0
end_of_record
TN:
SF:src\modules\negocios\negocio.model.ts
FN:29,(anonymous_1)
FN:40,(anonymous_2)
FN:59,(anonymous_3)
FN:79,(anonymous_4)
FN:89,(anonymous_5)
FN:101,(anonymous_6)
FNF:6
FNH:1
FNDA:0,(anonymous_1)
FNDA:1,(anonymous_2)
FNDA:0,(anonymous_3)
FNDA:0,(anonymous_4)
FNDA:0,(anonymous_5)
FNDA:0,(anonymous_6)
DA:1,1
DA:29,1
DA:30,0
DA:36,0
DA:37,0
DA:40,1
DA:41,1
DA:46,1
DA:47,0
DA:50,1
DA:51,0
DA:54,1
DA:55,1
DA:56,1
DA:59,1
DA:60,0
DA:61,0
DA:67,0
DA:68,0
DA:69,0
DA:71,0
DA:72,0
DA:73,0
DA:75,0
DA:76,0
DA:79,1
DA:80,0
DA:85,0
DA:86,0
DA:89,1
DA:90,0
DA:97,0
DA:98,0
DA:101,1
DA:102,0
DA:109,0
DA:110,0
LF:37
LH:13
BRDA:36,0,0,0
BRDA:36,0,1,0
BRDA:40,1,0,0
BRDA:46,2,0,0
BRDA:46,2,1,1
BRDA:50,3,0,0
BRDA:50,3,1,1
BRDA:55,4,0,0
BRDA:55,4,1,1
BRDA:67,5,0,0
BRDA:67,5,1,0
BRDA:71,6,0,0
BRDA:71,6,1,0
BRDA:85,7,0,0
BRDA:85,7,1,0
BRDA:97,8,0,0
BRDA:97,8,1,0
BRDA:109,9,0,0
BRDA:109,9,1,0
BRF:19
BRH:3
end_of_record
TN:
SF:src\modules\negocios\negocio.routes.ts
FNF:0
FNH:0
DA:1,1
DA:2,1
DA:10,1
DA:12,1
DA:15,1
DA:18,1
DA:19,1
DA:22,1
DA:23,1
DA:24,1
DA:26,1
LF:11
LH:11
BRF:0
BRH:0
end_of_record
TN:
SF:src\modules\negocios\negocio.service.ts
FN:18,(anonymous_9)
FN:33,(anonymous_10)
FN:66,(anonymous_11)
FN:70,(anonymous_12)
FN:76,(anonymous_13)
FN:80,(anonymous_14)
FN:100,(anonymous_15)
FNF:7
FNH:1
FNDA:0,(anonymous_9)
FNDA:0,(anonymous_10)
FNDA:1,(anonymous_11)
FNDA:0,(anonymous_12)
FNDA:0,(anonymous_13)
FNDA:0,(anonymous_14)
FNDA:0,(anonymous_15)
DA:1,1
DA:18,1
DA:22,0
DA:23,0
DA:24,0
DA:26,0
DA:27,0
DA:28,0
DA:30,0
DA:33,1
DA:37,0
DA:38,0
DA:40,0
DA:41,0
DA:43,0
DA:44,0
DA:47,0
DA:63,0
DA:66,1
DA:67,1
DA:70,1
DA:71,0
DA:72,0
DA:73,0
DA:76,1
DA:77,0
DA:80,1
DA:85,0
DA:86,0
DA:87,0
DA:88,0
DA:90,0
DA:91,0
DA:92,0
DA:94,0
DA:95,0
DA:97,0
DA:100,1
DA:101,0
DA:102,0
DA:103,0
DA:104,0
DA:106,0
LF:43
LH:9
BRDA:22,0,0,0
BRDA:22,0,1,0
BRDA:22,1,0,0
BRDA:22,1,1,0
BRDA:23,2,0,0
BRDA:23,2,1,0
BRDA:23,3,0,0
BRDA:23,3,1,0
BRDA:26,4,0,0
BRDA:26,4,1,0
BRDA:27,5,0,0
BRDA:27,5,1,0
BRDA:27,6,0,0
BRDA:27,6,1,0
BRDA:37,7,0,0
BRDA:37,7,1,0
BRDA:37,8,0,0
BRDA:37,8,1,0
BRDA:40,9,0,0
BRDA:40,9,1,0
BRDA:43,10,0,0
BRDA:43,10,1,0
BRDA:50,11,0,0
BRDA:50,11,1,0
BRDA:53,12,0,0
BRDA:53,12,1,0
BRDA:54,13,0,0
BRDA:54,13,1,0
BRDA:55,14,0,0
BRDA:55,14,1,0
BRDA:72,15,0,0
BRDA:72,15,1,0
BRDA:86,16,0,0
BRDA:86,16,1,0
BRDA:87,17,0,0
BRDA:87,17,1,0
BRDA:91,18,0,0
BRDA:91,18,1,0
BRDA:94,19,0,0
BRDA:94,19,1,0
BRDA:102,20,0,0
BRDA:102,20,1,0
BRDA:103,21,0,0
BRDA:103,21,1,0
BRF:44
BRH:0
end_of_record
TN:
SF:src\modules\pedidos\pedido.controller.ts
FN:4,(anonymous_9)
FN:18,(anonymous_10)
FN:32,(anonymous_11)
FN:48,(anonymous_12)
FN:79,(anonymous_13)
FN:90,(anonymous_14)
FNF:6
FNH:4
FNDA:3,(anonymous_9)
FNDA:2,(anonymous_10)
FNDA:0,(anonymous_11)
FNDA:4,(anonymous_12)
FNDA:2,(anonymous_13)
FNDA:0,(anonymous_14)
DA:2,2
DA:4,2
DA:5,3
DA:6,3
DA:7,3
DA:8,1
DA:11,2
DA:12,1
DA:14,1
DA:18,2
DA:19,2
DA:20,2
DA:21,2
DA:22,2
DA:23,1
DA:25,1
DA:26,1
DA:28,0
DA:32,2
DA:33,0
DA:34,0
DA:35,0
DA:36,0
DA:39,0
DA:40,0
DA:41,0
DA:42,0
DA:44,0
DA:48,2
DA:49,4
DA:50,4
DA:51,4
DA:52,0
DA:55,4
DA:56,4
DA:57,4
DA:59,4
DA:60,1
DA:63,3
DA:64,1
DA:66,2
DA:67,0
DA:69,2
DA:70,1
DA:72,1
DA:73,1
DA:75,0
DA:79,2
DA:80,2
DA:81,2
DA:82,2
DA:83,2
DA:84,1
DA:86,1
DA:90,2
DA:91,0
DA:92,0
DA:93,0
DA:94,0
DA:97,0
DA:99,0
DA:100,0
DA:103,0
DA:104,0
DA:107,0
DA:108,0
DA:110,0
LF:67
LH:42
BRDA:7,0,0,1
BRDA:7,0,1,2
BRDA:21,1,0,0
BRDA:21,1,1,2
BRDA:25,2,0,1
BRDA:25,2,1,0
BRDA:35,3,0,0
BRDA:35,3,1,0
BRDA:40,4,0,0
BRDA:40,4,1,0
BRDA:51,5,0,0
BRDA:51,5,1,4
BRDA:56,6,0,0
BRDA:56,6,1,4
BRDA:59,7,0,1
BRDA:59,7,1,3
BRDA:66,8,0,0
BRDA:66,8,1,2
BRDA:69,9,0,1
BRDA:69,9,1,1
BRDA:72,10,0,1
BRDA:72,10,1,0
BRDA:82,11,0,0
BRDA:82,11,1,2
BRDA:93,12,0,0
BRDA:93,12,1,0
BRDA:99,13,0,0
BRDA:99,13,1,0
BRDA:103,14,0,0
BRDA:103,14,1,0
BRDA:103,15,0,0
BRDA:103,15,1,0
BRDA:103,15,2,0
BRF:33
BRH:13
end_of_record
TN:
SF:src\modules\pedidos\pedido.model.ts
FN:41,(anonymous_1)
FN:52,(anonymous_2)
FN:84,(anonymous_3)
FN:95,(anonymous_4)
FN:107,(anonymous_5)
FN:121,(anonymous_6)
FN:133,(anonymous_7)
FN:193,(anonymous_8)
FN:213,(anonymous_9)
FNF:9
FNH:0
FNDA:0,(anonymous_1)
FNDA:0,(anonymous_2)
FNDA:0,(anonymous_3)
FNDA:0,(anonymous_4)
FNDA:0,(anonymous_5)
FNDA:0,(anonymous_6)
FNDA:0,(anonymous_7)
FNDA:0,(anonymous_8)
FNDA:0,(anonymous_9)
DA:1,3
DA:41,3
DA:42,0
DA:48,0
DA:49,0
DA:52,3
DA:53,0
DA:59,0
DA:60,0
DA:61,0
DA:63,0
DA:65,0
DA:68,0
DA:73,0
DA:74,0
DA:75,0
DA:78,0
DA:84,3
DA:85,0
DA:91,0
DA:92,0
DA:95,3
DA:96,0
DA:103,0
DA:104,0
DA:107,3
DA:108,0
DA:114,0
DA:115,0
DA:116,0
DA:118,0
DA:121,3
DA:122,0
DA:129,0
DA:130,0
DA:133,3
DA:139,0
DA:145,0
DA:147,0
DA:148,0
DA:154,0
DA:155,0
DA:156,0
DA:158,0
DA:159,0
DA:162,0
DA:163,0
DA:164,0
DA:166,0
DA:175,0
DA:186,0
DA:187,0
DA:188,0
DA:192,0
DA:194,0
DA:203,0
DA:204,0
DA:205,0
DA:207,0
DA:212,0
DA:214,0
DA:220,0
DA:221,0
DA:223,0
DA:226,0
DA:233,0
LF:66
LH:8
BRDA:48,0,0,0
BRDA:48,0,1,0
BRDA:59,1,0,0
BRDA:59,1,1,0
BRDA:63,2,0,0
BRDA:63,2,1,0
BRDA:73,3,0,0
BRDA:73,3,1,0
BRDA:80,4,0,0
BRDA:80,4,1,0
BRDA:91,5,0,0
BRDA:91,5,1,0
BRDA:103,6,0,0
BRDA:103,6,1,0
BRDA:114,7,0,0
BRDA:114,7,1,0
BRDA:129,8,0,0
BRDA:129,8,1,0
BRDA:154,9,0,0
BRDA:154,9,1,0
BRDA:158,10,0,0
BRDA:158,10,1,0
BRDA:186,11,0,0
BRDA:186,11,1,0
BRDA:203,12,0,0
BRDA:203,12,1,0
BRDA:220,13,0,0
BRDA:220,13,1,0
BRF:28
BRH:0
end_of_record
TN:
SF:src\modules\pedidos\pedido.routes.ts
FNF:0
FNH:0
DA:1,1
DA:2,1
DA:3,1
DA:5,1
DA:8,1
DA:9,1
DA:10,1
DA:11,1
DA:14,1
DA:15,1
DA:17,1
LF:11
LH:11
BRF:0
BRH:0
end_of_record
TN:
SF:src\modules\pedidos\pedido.service.ts
FN:3,(anonymous_9)
FN:7,(anonymous_10)
FN:15,(anonymous_11)
FN:19,(anonymous_12)
FN:41,(anonymous_13)
FN:45,(anonymous_14)
FNF:6
FNH:4
FNDA:1,(anonymous_9)
FNDA:2,(anonymous_10)
FNDA:0,(anonymous_11)
FNDA:4,(anonymous_12)
FNDA:1,(anonymous_13)
FNDA:0,(anonymous_14)
DA:1,3
DA:3,3
DA:4,1
DA:7,3
DA:8,2
DA:9,2
DA:10,1
DA:12,1
DA:15,3
DA:16,0
DA:19,3
DA:21,4
DA:22,4
DA:23,1
DA:27,3
DA:28,3
DA:29,1
DA:33,2
DA:34,2
DA:35,1
DA:38,1
DA:41,3
DA:42,1
DA:45,3
DA:46,0
DA:47,0
DA:49,0
LF:27
LH:23
BRDA:9,0,0,1
BRDA:9,0,1,1
BRDA:22,1,0,1
BRDA:22,1,1,3
BRDA:28,2,0,1
BRDA:28,2,1,2
BRDA:34,3,0,1
BRDA:34,3,1,1
BRDA:46,4,0,0
BRDA:46,4,1,0
BRDA:46,5,0,0
BRDA:46,5,1,0
BRF:12
BRH:8
end_of_record
TN:
SF:src\modules\productos\producto.controller.ts
FN:4,(anonymous_9)
FN:30,(anonymous_10)
FN:47,(anonymous_11)
FNF:3
FNH:0
FNDA:0,(anonymous_9)
FNDA:0,(anonymous_10)
FNDA:0,(anonymous_11)
DA:2,1
DA:4,1
DA:5,0
DA:6,0
DA:7,0
DA:8,0
DA:12,0
DA:15,0
DA:16,0
DA:22,0
DA:23,0
DA:30,1
DA:31,0
DA:32,0
DA:33,0
DA:39,0
DA:40,0
DA:47,1
DA:48,0
DA:49,0
DA:50,0
DA:51,0
DA:55,0
DA:58,0
DA:59,0
DA:65,0
DA:66,0
LF:27
LH:4
BRDA:7,0,0,0
BRDA:7,0,1,0
BRDA:22,1,0,0
BRDA:22,1,1,0
BRDA:39,2,0,0
BRDA:39,2,1,0
BRDA:50,3,0,0
BRDA:50,3,1,0
BRDA:65,4,0,0
BRDA:65,4,1,0
BRF:10
BRH:0
end_of_record
TN:
SF:src\modules\productos\producto.model.ts
FN:49,(anonymous_1)
FN:58,(anonymous_2)
FN:73,(anonymous_3)
FN:84,(anonymous_4)
FN:87,(anonymous_5)
FNF:5
FNH:0
FNDA:0,(anonymous_1)
FNDA:0,(anonymous_2)
FNDA:0,(anonymous_3)
FNDA:0,(anonymous_4)
FNDA:0,(anonymous_5)
DA:1,1
DA:30,1
DA:49,1
DA:50,0
DA:52,0
DA:58,1
DA:59,0
DA:65,0
DA:66,0
DA:73,1
DA:74,0
DA:80,0
DA:82,0
DA:84,0
DA:87,1
DA:88,0
DA:89,0
DA:92,0
DA:98,0
DA:99,0
LF:20
LH:6
BRDA:50,0,0,0
BRDA:50,0,1,0
BRDA:50,1,0,0
BRDA:50,1,1,0
BRDA:65,2,0,0
BRDA:65,2,1,0
BRDA:80,3,0,0
BRDA:80,3,1,0
BRDA:88,4,0,0
BRDA:88,4,1,0
BRDA:98,5,0,0
BRDA:98,5,1,0
BRF:12
BRH:0
end_of_record
TN:
SF:src\modules\productos\producto.routes.ts
FNF:0
FNH:0
DA:1,1
DA:2,1
DA:3,1
DA:5,1
DA:7,1
DA:8,1
DA:9,1
DA:11,1
LF:8
LH:8
BRF:0
BRH:0
end_of_record
TN:
SF:src\modules\productos\producto.service.ts
FN:13,(anonymous_9)
FN:60,(anonymous_10)
FN:64,(anonymous_11)
FN:67,(anonymous_12)
FN:68,(anonymous_13)
FNF:5
FNH:0
FNDA:0,(anonymous_9)
FNDA:0,(anonymous_10)
FNDA:0,(anonymous_11)
FNDA:0,(anonymous_12)
FNDA:0,(anonymous_13)
DA:1,1
DA:2,1
DA:13,1
DA:17,0
DA:18,0
DA:20,0
DA:21,0
DA:23,0
DA:24,0
DA:26,0
DA:27,0
DA:30,0
DA:31,0
DA:32,0
DA:36,0
DA:37,0
DA:39,0
DA:42,0
DA:43,0
DA:45,0
DA:46,0
DA:49,0
DA:57,0
DA:60,1
DA:61,0
DA:64,1
DA:65,0
DA:66,0
DA:67,0
DA:68,0
DA:70,0
LF:31
LH:5
BRDA:17,0,0,0
BRDA:17,0,1,0
BRDA:20,1,0,0
BRDA:20,1,1,0
BRDA:20,2,0,0
BRDA:20,2,1,0
BRDA:23,3,0,0
BRDA:23,3,1,0
BRDA:23,4,0,0
BRDA:23,4,1,0
BRDA:26,5,0,0
BRDA:26,5,1,0
BRDA:26,6,0,0
BRDA:26,6,1,0
BRDA:31,7,0,0
BRDA:31,7,1,0
BRDA:31,8,0,0
BRDA:31,8,1,0
BRDA:42,9,0,0
BRDA:42,9,1,0
BRDA:45,10,0,0
BRDA:45,10,1,0
BRF:22
BRH:0
end_of_record
TN:
SF:src\modules\resenas\resena.controller.ts
FN:4,(anonymous_9)
FN:37,(anonymous_10)
FNF:2
FNH:0
FNDA:0,(anonymous_9)
FNDA:0,(anonymous_10)
DA:2,1
DA:4,1
DA:5,0
DA:6,0
DA:7,0
DA:8,0
DA:11,0
DA:13,0
DA:14,0
DA:17,0
DA:18,0
DA:21,0
DA:22,0
DA:24,0
DA:25,0
DA:27,0
DA:28,0
DA:30,0
DA:31,0
DA:33,0
DA:37,1
DA:38,0
DA:40,0
DA:42,0
DA:43,0
DA:46,0
DA:47,0
DA:49,0
LF:28
LH:3
BRDA:7,0,0,0
BRDA:7,0,1,0
BRDA:13,1,0,0
BRDA:13,1,1,0
BRDA:13,2,0,0
BRDA:13,2,1,0
BRDA:17,3,0,0
BRDA:17,3,1,0
BRDA:17,4,0,0
BRDA:17,4,1,0
BRDA:24,5,0,0
BRDA:24,5,1,0
BRDA:27,6,0,0
BRDA:27,6,1,0
BRDA:30,7,0,0
BRDA:30,7,1,0
BRDA:42,8,0,0
BRDA:42,8,1,0
BRF:18
BRH:0
end_of_record
TN:
SF:src\modules\resenas\resena.model.ts
FN:15,(anonymous_1)
FN:26,(anonymous_2)
FN:37,(anonymous_3)
FNF:3
FNH:0
FNDA:0,(anonymous_1)
FNDA:0,(anonymous_2)
FNDA:0,(anonymous_3)
DA:1,1
DA:15,1
DA:16,0
DA:22,0
DA:23,0
DA:26,1
DA:27,0
DA:33,0
DA:34,0
DA:37,1
DA:38,0
DA:45,0
DA:46,0
LF:13
LH:4
BRDA:22,0,0,0
BRDA:22,0,1,0
BRDA:33,1,0,0
BRDA:33,1,1,0
BRDA:45,2,0,0
BRDA:45,2,1,0
BRDA:46,3,0,0
BRDA:46,3,1,0
BRF:8
BRH:0
end_of_record
TN:
SF:src\modules\resenas\resena.routes.ts
FNF:0
FNH:0
DA:1,1
DA:2,1
DA:3,1
DA:5,1
DA:8,1
DA:11,1
DA:13,1
LF:7
LH:7
BRF:0
BRH:0
end_of_record
TN:
SF:src\modules\resenas\resena.service.ts
FN:3,(anonymous_9)
FN:18,(anonymous_10)
FNF:2
FNH:0
FNDA:0,(anonymous_9)
FNDA:0,(anonymous_10)
DA:1,1
DA:3,1
DA:5,0
DA:6,0
DA:7,0
DA:10,0
DA:18,1
DA:19,0
LF:8
LH:3
BRDA:6,0,0,0
BRDA:6,0,1,0
BRF:2
BRH:0
end_of_record
